62ac app_context::start_logger  476 ---- 2025/01/12 15:47:13.518 -------------------------------------------------
62ac app_context::start_logger  479 Host process is 'cmd.exe' (pid 25260)
62ac app_context::start_logger  483 DLL path is 'C:\Users\premi\OneDrive\Documentos\GitHub\tr2-24-25-daw_tr2_g3\cmder\vendor\clink'
62ac app_context::start_logger  498 Windows version 10.0.22631 (x64)
62ac app_context::start_logger  500 Clink version 1.6.14.93b83f (x64)
62ac hook_setter::hook_setter  159 >>> Started hook transaction.
62ac hook_setter::attach_iat   316 Attempting to hook SetEnvironmentVariableW in IAT for module 00007FF6AE300000.
62ac pe_info::iterate_imports  195 Found import in 'api-ms-win-core-processenvironment-l1-1-0.dll'
62ac find_iat                  124 Found import at 00007FF6AE336E98 (value is 00007FF86E7F8EC0).
62ac hook_setter::attach_iat   316 Attempting to hook SetEnvironmentStringsW in IAT for module 00007FF6AE300000.
62ac pe_info::iterate_imports  195 Found import in 'api-ms-win-core-processenvironment-l1-1-0.dll'
62ac find_iat                  124 Found import at 00007FF6AE336EA8 (value is 00007FF86E8EA830).
62ac hook_setter::attach_iat   316 Attempting to hook WriteConsoleW in IAT for module 00007FF6AE300000.
62ac pe_info::iterate_imports  195 Found import in 'api-ms-win-core-console-l1-1-0.dll'
62ac find_iat                  124 Found import at 00007FF6AE336AF0 (value is 00007FF86E7C2E40).
62ac hook_setter::attach_iat   316 Attempting to hook GetEnvironmentVariableW in IAT for module 00007FF6AE300000.
62ac pe_info::iterate_imports  195 Found import in 'api-ms-win-core-processenvironment-l1-1-0.dll'
62ac find_iat                  124 Found import at 00007FF6AE336E68 (value is 00007FF86E7AB7B0).
62ac hook_setter::commit       207 <<< Hook transaction committed.
62ac hook_setter::hook_setter  159 >>> Started hook transaction.
62ac hook_setter::detach_iat   359 Attempting to unhook 00007FF803525200 from GetEnvironmentVariableW in IAT for module 00007FF6AE300000.
62ac pe_info::iterate_imports  195 Found import in 'api-ms-win-core-processenvironment-l1-1-0.dll'
62ac find_iat                  124 Found import at 00007FF6AE336E68 (value is 00007FF803525200).
62ac hook_setter::commit       207 <<< Hook transaction committed.
62ac hook_setter::hook_setter  159 >>> Started hook transaction.
62ac hook_setter::attach_iat   316 Attempting to hook ReadConsoleW in IAT for module 00007FF6AE300000.
62ac pe_info::iterate_imports  195 Found import in 'api-ms-win-core-console-l1-1-0.dll'
62ac find_iat                  124 Found import at 00007FF6AE336AE8 (value is 00007FF86E82E320).
62ac hook_setter::commit       207 <<< Hook transaction committed.
62ac hook_setter::hook_setter  159 >>> Started hook transaction.
62ac hook_setter::attach_iat   316 Attempting to hook SetConsoleTitleW in IAT for module 00007FF6AE300000.
62ac pe_info::iterate_imports  195 Found import in 'api-ms-win-core-console-l2-2-0.dll'
62ac find_iat                  124 Found import at 00007FF6AE336B48 (value is 00007FF86E82EDB0).
62ac hook_setter::commit       207 <<< Hook transaction committed.
62ac win_screen_buffer::begin  366 Using native terminal support (auto mode found 'ConEmuHk64.dll').
62ac reset_handle              144 resetting mismatched stdin handle
62ac reset_handle              144 resetting mismatched stdout handle
62ac reset_handle              144 resetting mismatched stderr handle
62ac reset_handle              144 resetting mismatched stdout handle
62ac reset_handle              144 resetting mismatched stderr handle
62ac host_lua::load_scripts    192 Loaded 2 Lua scripts in 341 ms
62ac @~clink~/app/update.lua   370 Clink updater: too soon to check for updates (1736332586 vs 1736693242).
62ac history_db::initialise   1321 master bank ctag: |CTAG_1736674788_3077203_23740_0
62ac history_db::compact      1599 History:  26 active, 11 deleted
62ac reset_handle              144 resetting mismatched stdout handle
62ac reset_handle              144 resetting mismatched stderr handle
62ac history_db::compact      1599 History:  23 active, 14 deleted
62ac reset_handle              144 resetting mismatched stdout handle
62ac reset_handle              144 resetting mismatched stderr handle
62ac history_db::compact      1599 History:  23 active, 14 deleted
62ac reset_handle              144 resetting mismatched stdout handle
62ac reset_handle              144 resetting mismatched stderr handle
62ac history_db::compact      1599 History:  22 active, 15 deleted
62ac reset_handle              144 resetting mismatched stdout handle
62ac reset_handle              144 resetting mismatched stderr handle
62ac history_db::compact      1599 History:  21 active, 16 deleted
70f0 check_auto_answer         121 Auto-answer; '¿Desea terminar el trabajo por lotes (S/N)? ' (NS)
70f0 reset_handle              144 resetting mismatched stdout handle
70f0 reset_handle              144 resetting mismatched stderr handle
70f0 history_db::compact      1599 History:  19 active, 18 deleted
